<?xml version="1.0" encoding="UTF-8"?>
<testng-results ignored="0" total="16" passed="16" failed="0" skipped="0">
  <reporter-output>
  </reporter-output>
  <suite started-at="2022-12-03T00:00:45Z" name="Suite" finished-at="2022-12-03T00:00:50Z" duration-ms="4587">
    <groups>
    </groups>
    <test started-at="2022-12-03T00:00:45Z" name="Test" finished-at="2022-12-03T00:00:50Z" duration-ms="4587">
      <class name="com.employeeapi.testCases.TC003_Post_Employee_Record">
        <test-method is-config="true" signature="setup()[pri:0, instance:com.employeeapi.testCases.TC003_Post_Employee_Record@6ab778a]" started-at="2022-12-03T00:00:49Z" name="setup" finished-at="2022-12-03T00:00:49Z" duration-ms="2" status="PASS">
          <reporter-output>
          </reporter-output>
        </test-method> <!-- setup -->
        <test-method is-config="true" signature="createEmployee()[pri:0, instance:com.employeeapi.testCases.TC003_Post_Employee_Record@6ab778a]" started-at="2022-12-03T00:00:49Z" name="createEmployee" finished-at="2022-12-03T00:00:49Z" duration-ms="426" status="PASS">
          <reporter-output>
          </reporter-output>
        </test-method> <!-- createEmployee -->
        <test-method signature="checkContentType()[pri:0, instance:com.employeeapi.testCases.TC003_Post_Employee_Record@6ab778a]" started-at="2022-12-03T00:00:49Z" name="checkContentType" finished-at="2022-12-03T00:00:49Z" duration-ms="1" status="PASS">
          <reporter-output>
          </reporter-output>
        </test-method> <!-- checkContentType -->
        <test-method signature="checkResponseBody()[pri:0, instance:com.employeeapi.testCases.TC003_Post_Employee_Record@6ab778a]" started-at="2022-12-03T00:00:49Z" name="checkResponseBody" finished-at="2022-12-03T00:00:49Z" duration-ms="1" status="PASS">
          <reporter-output>
          </reporter-output>
        </test-method> <!-- checkResponseBody -->
        <test-method signature="checkStatusCode()[pri:0, instance:com.employeeapi.testCases.TC003_Post_Employee_Record@6ab778a]" started-at="2022-12-03T00:00:49Z" name="checkStatusCode" finished-at="2022-12-03T00:00:49Z" duration-ms="1" status="PASS">
          <reporter-output>
          </reporter-output>
        </test-method> <!-- checkStatusCode -->
      </class> <!-- com.employeeapi.testCases.TC003_Post_Employee_Record -->
      <class name="com.employeeapi.testCases.TC001_Get_All_Employees">
        <test-method is-config="true" signature="getAllEmployees()[pri:0, instance:com.employeeapi.testCases.TC001_Get_All_Employees@38102d01]" started-at="2022-12-03T00:00:45Z" name="getAllEmployees" finished-at="2022-12-03T00:00:46Z" duration-ms="1282" status="PASS">
          <reporter-output>
          </reporter-output>
        </test-method> <!-- getAllEmployees -->
        <test-method is-config="true" signature="setup()[pri:0, instance:com.employeeapi.testCases.TC001_Get_All_Employees@38102d01]" started-at="2022-12-03T00:00:46Z" name="setup" finished-at="2022-12-03T00:00:46Z" duration-ms="18" status="PASS">
          <reporter-output>
          </reporter-output>
        </test-method> <!-- setup -->
        <test-method signature="checkContentType()[pri:0, instance:com.employeeapi.testCases.TC001_Get_All_Employees@38102d01]" started-at="2022-12-03T00:00:46Z" name="checkContentType" finished-at="2022-12-03T00:00:46Z" duration-ms="6" status="PASS">
          <reporter-output>
          </reporter-output>
        </test-method> <!-- checkContentType -->
        <test-method signature="checkResponseBody()[pri:0, instance:com.employeeapi.testCases.TC001_Get_All_Employees@38102d01]" started-at="2022-12-03T00:00:47Z" name="checkResponseBody" finished-at="2022-12-03T00:00:47Z" duration-ms="42" status="PASS">
          <reporter-output>
          </reporter-output>
        </test-method> <!-- checkResponseBody -->
        <test-method signature="checkResponseTime()[pri:0, instance:com.employeeapi.testCases.TC001_Get_All_Employees@38102d01]" started-at="2022-12-03T00:00:47Z" name="checkResponseTime" finished-at="2022-12-03T00:00:47Z" duration-ms="1" status="PASS">
          <reporter-output>
          </reporter-output>
        </test-method> <!-- checkResponseTime -->
        <test-method signature="checkStatusCode()[pri:0, instance:com.employeeapi.testCases.TC001_Get_All_Employees@38102d01]" started-at="2022-12-03T00:00:47Z" name="checkStatusCode" finished-at="2022-12-03T00:00:47Z" duration-ms="1" status="PASS">
          <reporter-output>
          </reporter-output>
        </test-method> <!-- checkStatusCode -->
        <test-method signature="checkStatusLine()[pri:0, instance:com.employeeapi.testCases.TC001_Get_All_Employees@38102d01]" started-at="2022-12-03T00:00:47Z" name="checkStatusLine" finished-at="2022-12-03T00:00:47Z" duration-ms="1" status="PASS">
          <reporter-output>
          </reporter-output>
        </test-method> <!-- checkStatusLine -->
        <test-method signature="checkcontentEncoding()[pri:0, instance:com.employeeapi.testCases.TC001_Get_All_Employees@38102d01]" started-at="2022-12-03T00:00:47Z" name="checkcontentEncoding" finished-at="2022-12-03T00:00:47Z" duration-ms="1" status="PASS">
          <reporter-output>
          </reporter-output>
        </test-method> <!-- checkcontentEncoding -->
        <test-method signature="checkserverType()[pri:0, instance:com.employeeapi.testCases.TC001_Get_All_Employees@38102d01]" started-at="2022-12-03T00:00:47Z" name="checkserverType" finished-at="2022-12-03T00:00:47Z" duration-ms="1" status="PASS">
          <reporter-output>
          </reporter-output>
        </test-method> <!-- checkserverType -->
        <test-method is-config="true" signature="tearDown()[pri:0, instance:com.employeeapi.testCases.TC001_Get_All_Employees@38102d01]" started-at="2022-12-03T00:00:47Z" name="tearDown" finished-at="2022-12-03T00:00:47Z" duration-ms="0" status="PASS">
          <reporter-output>
          </reporter-output>
        </test-method> <!-- tearDown -->
      </class> <!-- com.employeeapi.testCases.TC001_Get_All_Employees -->
      <class name="com.employeeapi.testCases.TC004_Put_Employee_Record">
        <test-method is-config="true" signature="setup()[pri:0, instance:com.employeeapi.testCases.TC004_Put_Employee_Record@4e3958e7]" started-at="2022-12-03T00:00:49Z" name="setup" finished-at="2022-12-03T00:00:49Z" duration-ms="1" status="PASS">
          <reporter-output>
          </reporter-output>
        </test-method> <!-- setup -->
        <test-method is-config="true" signature="createEmployee()[pri:0, instance:com.employeeapi.testCases.TC004_Put_Employee_Record@4e3958e7]" started-at="2022-12-03T00:00:49Z" name="createEmployee" finished-at="2022-12-03T00:00:50Z" duration-ms="387" status="PASS">
          <reporter-output>
          </reporter-output>
        </test-method> <!-- createEmployee -->
        <test-method signature="checkContentType()[pri:0, instance:com.employeeapi.testCases.TC004_Put_Employee_Record@4e3958e7]" started-at="2022-12-03T00:00:50Z" name="checkContentType" finished-at="2022-12-03T00:00:50Z" duration-ms="1" status="PASS">
          <reporter-output>
          </reporter-output>
        </test-method> <!-- checkContentType -->
        <test-method signature="checkResponseBody()[pri:0, instance:com.employeeapi.testCases.TC004_Put_Employee_Record@4e3958e7]" started-at="2022-12-03T00:00:50Z" name="checkResponseBody" finished-at="2022-12-03T00:00:50Z" duration-ms="0" status="PASS">
          <reporter-output>
          </reporter-output>
        </test-method> <!-- checkResponseBody -->
        <test-method signature="checkStatusCode()[pri:0, instance:com.employeeapi.testCases.TC004_Put_Employee_Record@4e3958e7]" started-at="2022-12-03T00:00:50Z" name="checkStatusCode" finished-at="2022-12-03T00:00:50Z" duration-ms="1" status="PASS">
          <reporter-output>
          </reporter-output>
        </test-method> <!-- checkStatusCode -->
      </class> <!-- com.employeeapi.testCases.TC004_Put_Employee_Record -->
      <class name="com.employeeapi.testCases.TC002_Get_Single_Employee_Record">
        <test-method is-config="true" signature="setup()[pri:0, instance:com.employeeapi.testCases.TC002_Get_Single_Employee_Record@37883b97]" started-at="2022-12-03T00:00:47Z" name="setup" finished-at="2022-12-03T00:00:47Z" duration-ms="1" status="PASS">
          <reporter-output>
          </reporter-output>
        </test-method> <!-- setup -->
        <test-method is-config="true" signature="getSingleEmpData()[pri:0, instance:com.employeeapi.testCases.TC002_Get_Single_Employee_Record@37883b97]" started-at="2022-12-03T00:00:47Z" name="getSingleEmpData" finished-at="2022-12-03T00:00:49Z" duration-ms="2134" status="PASS">
          <reporter-output>
          </reporter-output>
        </test-method> <!-- getSingleEmpData -->
        <test-method signature="checkContentType()[pri:0, instance:com.employeeapi.testCases.TC002_Get_Single_Employee_Record@37883b97]" started-at="2022-12-03T00:00:49Z" name="checkContentType" finished-at="2022-12-03T00:00:49Z" duration-ms="1" status="PASS">
          <reporter-output>
          </reporter-output>
        </test-method> <!-- checkContentType -->
        <test-method signature="checkResponseBody()[pri:0, instance:com.employeeapi.testCases.TC002_Get_Single_Employee_Record@37883b97]" started-at="2022-12-03T00:00:49Z" name="checkResponseBody" finished-at="2022-12-03T00:00:49Z" duration-ms="1" status="PASS">
          <reporter-output>
          </reporter-output>
        </test-method> <!-- checkResponseBody -->
        <test-method signature="checkStatusCode()[pri:0, instance:com.employeeapi.testCases.TC002_Get_Single_Employee_Record@37883b97]" started-at="2022-12-03T00:00:49Z" name="checkStatusCode" finished-at="2022-12-03T00:00:49Z" duration-ms="4" status="PASS">
          <reporter-output>
          </reporter-output>
        </test-method> <!-- checkStatusCode -->
      </class> <!-- com.employeeapi.testCases.TC002_Get_Single_Employee_Record -->
    </test> <!-- Test -->
  </suite> <!-- Suite -->
</testng-results>
